
Last position-specific scoring matrix computed, weighted observed percentages rounded down, information per position, and relative weight of gapless real matches to pseudocounts
            A   R   N   D   C   Q   E   G   H   I   L   K   M   F   P   S   T   W   Y   V   A   R   N   D   C   Q   E   G   H   I   L   K   M   F   P   S   T   W   Y   V
    1 M    -1  -1  -2  -3  -2   0  -2  -3  -2   1   2  -1   6   0  -3  -2  -1  -2  -1   1    0   0   0   0   0   0   0   0   0   0   0   0 100   0   0   0   0   0   0   0  0.37 0.01
    2 R    -1   3   0  -1  -3   1   1  -2  -1  -3  -2   4  -1  -3  -1   0  -1  -3  -2  -2    0  24   0   0   0   0   0   0   0   0   0  76   0   0   0   0   0   0   0   0  0.52 0.00
    3 L     2  -2  -2  -3  -1  -1  -2  -2  -2   1   2  -2   3   0  -2  -1  -1  -2  -1   0   35   0   0   0   0   0   0   0   0   0  36   0  29   0   0   0   0   0   0   0  0.20 0.01
    4 S     0  -1   0   0  -2   0   1  -1  -1  -3  -3   0  -2  -3   3   3   1  -3  -2  -2    0   0   0   0   0   0  11   0   0   0   0   0   0   0  20  61   8   0   0   0  0.49 0.03
    5 S     0  -1   3   0  -2  -1  -1   3  -1  -3  -3  -1  -2  -3  -2   2   1  -3  -2  -2    0   0  26   0   0   0   0  34   0   0   0   0   0   0   0  29  11   0   0   0  0.42 0.02
    6 A     0  -1   5   1  -2   0   0  -1   0  -3  -3   0  -2  -3  -2   2   0  -4  -2  -2    9   0  65   0   0   0   0   0   0   0   0   0   0   0   0  26   0   0   0   0  0.53 0.04
    7 G     0  -2  -1  -2  -2  -2  -2   4  -2   0  -1  -2  -1  -2  -2   0   1  -3  -2   2    0   0   0   0   0   0   0  52   0   0   0   0   0   0   0   0  14   0   0  34  0.38 0.02
    8 F    -1   1  -2  -3  -2  -1  -2  -3  -2   1   1  -1   3   2  -3  -2  -1  -1   0   2    0  14   0   0   0   0   0   0   0   0  11   0  22  18   0   0   0   0   0  36  0.19 0.02
    9 N    -1  -1   5   0  -2   0  -1   1   0  -2  -1  -1  -1  -3  -2   2   0  -3  -2  -2    0   0  56   0   0   0   0  11   0   0   9   0   0   0   0  24   0   0   0   0  0.40 0.03
   10 P     3  -2  -2  -2  -2   1  -1  -1  -2  -2  -2  -1  -1  -3   5   0   0  -3  -2   0   43   0   0   0   0   9   0   0   0   0   0   0   0   0  38   0   5   0   0   5  0.64 0.04
   11 Q     1   0   1   0  -2   5   1  -1   0  -3  -2   0  -1  -3  -1   2   0  -3  -2  -2   12   0   9   0   0  57   0   0   0   0   0   0   0   0   0  22   0   0   0   0  0.44 0.05
   12 P     2  -2  -1  -2  -2  -1  -1   1  -2  -3  -3  -1  -2  -3   6   1  -1  -3  -3  -2   27   0   0   0   0   0   0   9   0   0   0   0   0   0  52  13   0   0   0   0  0.93 0.04
   13 H    -1   0   2   1  -3   1   4  -2   3  -3  -2   0  -2  -3  -1   0   1  -3  -1  -2    1   0  12   0   0   0  51   1  14   0   1   0   0   0   0   1  16   0   0   1  0.40 0.03
   14 E     1   1  -2  -1  -2   0   1  -2  -1   0   2   0   0   0  -2  -1  -1  -2  -1   0   16  12   0   0   0   0  21   1   0   0  40   0   0   5   0   1   0   0   0   1  0.11 0.02
   15 V     1  -2  -2  -2  -1  -2  -2   1  -2   3   0  -2   0  -1  -2  -1  -1  -2  -1   2   13   1   1   1   0   1   1  16   0  34   1   1   0   1   1   1   1   0   0  26  0.14 0.02
   16 T    -1  -1   1   5  -2   0   2  -1  -1  -2  -1  -1  -1  -2  -1   0   0  -3  -2  -2    1   1   1  60   0   1   9   1   0   1  13   1   0   1   1   1   7   0   0   1  0.46 0.03
   17 G     0  -2  -1   1  -2  -2  -2   5  -2   1  -2  -2  -1  -2  -2  -1  -1  -3  -3  -1    0   0   0   9   0   0   0  63   0  23   1   0   0   0   0   0   0   0   0   0  0.51 0.04
   18 E     0  -1   2   0  -2   2   2   0  -1  -3  -3   0  -2  -3   1   2   2  -3  -2  -2    0   0  10   0   0  14  14   5   0   0   0   0   0   0   8  34  16   0   0   0  0.32 0.04
   19 K     0   2  -1   0  -3   1   3  -2   2  -3  -3   4  -2  -3  -2  -1  -1  -3  -2  -3    6  10   0   0   0   0  30   0  10   0   0  45   0   0   0   0   0   0   0   0  0.47 0.06
   20 R     1   2   0  -1  -2   0   0  -1  -1  -1  -2   2  -1  -3   1   2   1  -3  -2  -1   12  18   0   0   0   0   0   0   0   7   0  19   0   0   5  31   8   0   0   0  0.24 0.04
   21 V     0  -2   0  -1   1  -1   1   0   0  -1  -2  -1  -1   0   0   1  -1   0   4   0    9   0   4   0   3   0  13   6   0   4   0   0   0   0   3  17   0   0  34   7  0.20 0.05
   22 L    -1  -2  -3  -4   1  -2  -3  -4  -3   2   3  -2   4   0  -3  -2  -1  -2  -1   1    0   0   0   0   4   0   0   0   0  16  40   0  32   0   0   0   0   0   0   9  0.40 0.06
   23 N    -2  -2   2   3   1  -1  -1  -2   0  -2  -2  -2  -2   1  -3  -1  -1   0   6  -2    0   0  14  26   4   0   0   0   0   0   0   0   0   0   0   0   4   0  52   0  0.56 0.08
   24 S    -1   1  -1   1  -3   0   3  -2  -1  -3  -3   0  -2  -3   4   1   0  -3  -2  -2    0   8   0   3   0   0  36   0   0   0   0   0   0   0  26  21   7   0   0   0  0.56 0.05
   25 E    -1   0   0   0  -3   5   4  -2   0  -3  -3   2  -1  -4  -2   0   0  -3  -2  -2    0   0   0   0   0  45  37   0   0   0   0  10   0   0   0   0   9   0   0   0  0.61 0.07
   26 L    -2  -3  -4  -4  -2  -3  -3  -4  -3   2   4  -3   2   0  -3  -3  -2  -2  -2   1    0   0   0   0   0   0   0   0   0   9  91   0   0   0   0   0   0   0   0   0  0.62 0.07
   27 W    -3  -4  -5  -5  -3  -3  -4  -3  -3  -4  -3  -4  -2   0  -5  -4  -3  12   1  -4    0   0   0   0   0   0   0   0   0   0   0   0   0   0   0   0   0 100   0   0  3.07 0.17
   28 H    -2   2   2  -1  -4   0   0  -2   6  -4  -3   3  -2  -3  -2  -1  -2  -3   0  -3    0   9  10   0   0   0   0   0  47   0   0  35   0   0   0   0   0   0   0   0  0.64 0.08
   29 A     3  -2  -3  -3  -1  -2  -2  -1  -2   1   2  -2   0  -1  -2   0  -1  -3  -2   1   58   0   0   0   0   0   0   0   0  10  28   0   0   0   0   0   0   0   0   4  0.28 0.05
   30 C    -1  -4  -3  -4  10  -3  -4  -3  -4  -2  -2  -3  -2  -3  -3   0  -1  -3  -3  -2    0   0   0   0  93   0   0   0   0   0   0   0   0   0   0   7   0   0   0   0  1.72 0.13
   31 A     5  -2  -2  -2  -1  -1  -1   0  -2  -2  -2  -1  -1  -3  -1   1  -1  -3  -2  -1  100   0   0   0   0   0   0   0   0   0   0   0   0   0   0   0   0   0   0   0  0.67 0.10
   32 G     0  -3  -1  -2  -3  -2  -3   6  -3  -4  -4  -2  -3  -4  -3  -1  -2  -3  -4  -4    0   0   0   0   0   0   0 100   0   0   0   0   0   0   0   0   0   0   0   0  1.32 0.10
   33 P     0  -2  -2  -2  -3  -2  -2   0  -2  -3  -3  -1  -3  -4   7   1  -1  -4  -3  -3    9   0   0   0   0   0   0   6   0   0   0   0   0   0  74  11   0   0   0   0  1.50 0.09
   34 L    -1  -2  -3  -3  -2  -2  -3  -3  -3   1   4  -2   3   0  -3  -1  -1  -2  -1   0    0   0   0   0   0   0   0   0   0   0  74   0  17   0   0   9   0   0   0   0  0.46 0.07
   35 V    -1  -3  -3  -4   6  -3  -3  -3  -3   2   0  -3   0  -2  -3  -2   0  -3  -2   3    0   0   0   0  36   0   0   0   0   6   7   0   0   0   0   0   6   0   0  46  0.54 0.07
   36 S    -1   0   0   3   3   2   1  -2   2  -2  -2   0  -2  -3  -2   1   0  -3  -2   0    0   6   0  28   9  13   6   0   7   0   0   0   0   0   0  13   7   0   0  10  0.24 0.03
   37 L    -1  -3  -4  -4  -2  -3  -3  -4  -3   4   3  -3   2   0  -3  -3  -1  -3  -2   2    0   0   0   0   0   0   0   0   0  46  36   0   6   0   0   0   0   0   0  13  0.43 0.05
   38 P    -1  -3  -2  -2  -3  -2  -2  -3  -3  -3  -4  -2  -3  -4   8  -1  -2  -4  -4  -3    0   0   0   0   0   0   0   0   0   0   0   0   0   0  96   4   0   0   0   0  2.17 0.12
   39 P    -1   2  -1  -1  -3   1   0  -2  -1  -2  -2   3  -1  -3   2   0   0  -3  -2  -1    0  14   0   0   0   6   0   0   0   0   0  45   0   0  13   7   7   0   0   9  0.37 0.05
   40 V     0   0  -2  -2  -2   0  -1  -3  -2   1   2   0   1  -1   2  -1  -1  -2   0   1    9   3   0   0   0   4   4   0   0   0  39   6   6   0  10   3   0   0   3  14  0.14 0.02
   41 G    -1  -1   2   0  -3   1   1   4   2  -4  -4  -1  -3  -3  -2   0  -1  -3  -2  -3    0   0  17   4   0   6  14  51   9   0   0   0   0   0   0   0   0   0   0   0  0.55 0.05
   42 S     0  -1   1   1  -3   1   4  -1  -1  -3  -3   0  -2  -3  -1   3   0  -3  -2  -3    0   0   6   4   0   0  48   0   0   0   0   0   0   0   0  42   0   0   0   0  0.52 0.07
   43 R    -1   4   0  -1  -3   0   0  -2  -1  -1   0   3  -1  -2  -2  -1   0  -3  -2  -1    0  30   6   0   0   0   0   0   0   0  11  42   0   0   0   0   5   0   0   6  0.35 0.05
   44 V    -1  -3  -3  -4  -1  -3  -3  -4  -4   2   0  -3   0  -1  -3  -2  -1  -3  -2   5    0   0   0   0   0   0   0   0   0   0   0   0   0   0   0   0   0   0   0 100  0.65 0.10
   45 V    -2  -2  -2  -3  -2  -2  -2  -3   0   0   0  -2   0   4  -2  -2  -1   1   5   1    1   1   1   1   0   1   1   1   0   1   5   1   0  28   1   1   1   0  41  17  0.48 0.05
   46 Y    -2  -2  -2  -3  -2  -2  -2  -3   1  -2  -1  -2  -1   2  -3  -2  -2   1   7  -2    1   1   1   1   0   1   1   1   0   1   1   1   0   1   1   1   1   0  87   1  1.04 0.10
   47 F    -2  -3  -3  -3  -2  -3  -3  -3  -1  -1   0  -3   0   7  -3  -2  -2   0   2  -1    1   1   1   1   0   1   1   1   0   1   1   1   0  87   1   1   1   0   0   1  0.87 0.08
   48 P     1  -2  -2  -2  -2  -1  -1  -2  -2  -2  -3  -1  -2  -3   7   0  -1  -3  -3  -2   12   1   1   1   0   1   1   1   0   1   1   1   0   1  73   4   1   0   0   1  1.40 0.07
   49 Q    -1   0   0  -1  -3   6   2  -2   0  -3  -2   1  -1  -3  -1  -1  -1  -2  -2  -2    1   1   1   1   0  84   4   1   0   1   1   1   0   1   1   1   1   0   0   1  0.78 0.09
   50 G     0  -2  -1  -1  -2  -2  -2   6  -2  -3  -3  -2  -3  -3  -2  -1  -2  -2  -3  -3    1   1   1   1   0   1   1  87   0   1   1   1   0   1   1   1   1   0   0   1  1.00 0.07
   51 H    -2  -1   1  -1  -3   0  -1  -2   8  -3  -3  -1  -2  -2  -2  -1  -2  -2   1  -3    1   1   6   1   0   1   1   1  81   1   1   1   0   1   1   1   1   0   0   1  1.04 0.10
   52 S     0  -2  -2  -2  -1  -1  -2  -2  -2   2   1  -2   2   1  -2   0   0  -2  -1   1    7   1   1   1   0   1   1   1   0  27  11   1  13   7   1  14   5   0   0   9  0.11 0.02
   53 E    -1   0  -1   1  -3   1   5  -2  -1  -3  -3   0  -2  -3  -1  -1  -1  -3  -2  -2    1   1   1   1   0   1  87   1   0   1   1   1   0   1   1   1   1   0   0   1  0.79 0.08
   54 Q    -1   0   1  -1  -2   4   0  -2   4  -1   1   0   0  -1  -2  -1  -1  -2  -1  -1    1   1   6   1   0  39   1   1  20   1  23   1   0   1   1   1   1   0   0   1  0.29 0.05
   55 V     1  -2  -2  -2  -1  -1  -2  -1  -2   2   1  -1   0  -1  -1  -1   0  -2  -1   2   25   1   1   1   0   1   1   2   0  12  16   1   0   1   1   1   1   0   1  33  0.13 0.02
   56 A     1  -1   0   2  -3   1   4  -2   3  -2  -2   0  -2  -3  -2   0  -1  -3  -1  -1   19   0   0  16   0   0  43   0  15   0   0   0   0   0   0   0   0   0   0   8  0.38 0.06
   57 A     4  -2   1  -2  -1  -1  -1   0  -2  -2  -2  -1  -1  -3  -1   1   0  -3  -2   0   84   0  11   0   0   0   0   0   0   0   0   0   0   0   0   0   0   0   0   5  0.48 0.08
   58 S     0  -1   0  -1  -2  -1  -1  -1  -2  -2  -2  -1   1  -3   3   4   1  -3  -2  -2    0   0   0   0   0   0   0   0   0   0   0   0   9   0  15  73   4   0   0   0  0.52 0.08
   59 T    -1  -2  -1  -2  -2  -1  -2  -2  -2  -1  -1  -1   2  -2   3   0   4  -3  -2   1    0   0   0   0   0   0   0   0   0   0   0   0  12   0  15   0  64   0   0   9  0.48 0.08
   60 N    -1   4   3  -1  -2   2   0  -1   2  -3  -2   1  -1  -2  -2   1  -1  -2  -1  -2    1  41  20   1   0  13   1   1   5   1   1   1   0   1   1  10   1   0   0   1  0.37 0.04
   61 K    -1   1   0   2  -3   3   3  -2   0  -2  -2   2  -1  -2  -1   0  -1  -2   1  -2    1   6   1  12   0  23  25   1   0   1   1  15   0   1   1   1   1   0   9   1  0.32 0.03
   62 E     0  -1   0   1  -2   2   3   1  -1  -3  -2   0  -2  -3  -1   1   0  -2  -2  -2    6   1   1   6   0   8  43  14   0   1   1   1   0   1   1  15   1   0   0   1  0.34 0.04
   63 V     0  -2  -2  -2  -1  -1  -2  -2  -2   1   3  -2   1   0  -2   0   1  -2  -1   1   11   1   1   1   0   1   1   1   0   5  46   1   0   1   1  10   8   0   0  12  0.15 0.03
   64 D    -2  -1   4   4  -3   0   1  -1  -1  -3  -4  -1  -3  -4   2   0   0  -4  -3  -3    0   0  33  44   0   0   9   0   0   0   0   0   0   0   9   0   5   0   0   0  0.65 0.06
   65 A    -1  -1  -1  -1  -3   2   2  -1   3  -2   0  -1  -1   3  -2  -1   0  -2   0  -2    3   0   0   0   0  13  28   4  11   0   9   0   0  22   0   0  10   0   0   0  0.20 0.04
   66 H    -1  -1  -1  -1  -2   2   2  -3   4   1   1  -1   1  -1  -2  -1  -1  -2  -1   0    1   0   0   0   0  15  17   1  22  11  25   0   5   0   0   1   0   0   0   0  0.19 0.04
   67 I     1   1  -2  -2  -2   3  -1  -2  -1   2   0   0   2  -2  -2  -1  -1  -3  -2   1   15  11   0   0   0  24   0   0   0  31   0   5   9   0   0   0   0   0   0   5  0.16 0.04
   68 P    -1  -3  -3  -2  -4  -2  -2  -3  -3  -3  -4  -2  -3  -4   8  -1  -2  -4  -4  -3    0   0   0   0   0   0   0   0   0   0   0   0   0   0 100   0   0   0   0   0  2.32 0.13
   69 N    -1   2   3  -1  -2   0  -1  -1  -1   0   0   1  -1  -2  -2   0   0  -3  -2   0    1  15  30   1   0   0   1   1   0  12  10   9   0   0   0   9   1   0   0   8  0.14 0.03
   70 Y    -1  -2  -2  -3  -2  -2  -2  -3  -1   1   0  -2   0   4  -2  -2  -1   0   4   1    1   1   1   1   0   1   1   1   0  10   1   1   0  38   1   1   1   0  24  16  0.39 0.05
   71 P     0  -1  -1  -1   5  -1  -1  -1  -2  -1  -1  -1  -1  -2   5  -1  -1  -2  -2   0    3   2   2   2  25   2   2   3   1   2   3   2   1   1  36   3   2   0   1   7  0.59 0.03
   72 S    -1  -2   3   5  -3  -1   0  -1  -1  -3  -3  -1  -3  -3   3   0  -1  -4  -3  -3    0   0  21  53   0   0   0   0   0   0   0   0   0   0  15   7   0   0   0   0  0.68 0.06
   73 L    -2  -3  -4  -4  -2  -3  -3  -4  -3   1   5  -3   2   0  -3  -3  -2  -2  -2   0    0   0   0   0   0   0   0   0   0   0 100   0   0   0   0   0   0   0   0   0  0.69 0.09
   74 H    -1  -2   1  -1  -3  -1  -1  -2   1  -3  -3  -1  -3  -4   7  -1  -1  -4  -3  -3    0   0  11   0   0   0   0   0   5   0   0   0   0   0  84   0   0   0   0   0  1.74 0.08
   75 P     0  -2   0  -1  -2  -1  -1  -1  -2  -3  -3  -1  -2  -3   5   4   0  -3  -2  -2    0   0   0   0   0   0   0   0   0   0   0   0   0   0  36  64   0   0   0   0  0.79 0.06
   76 Q    -1   2   0  -1  -3   3   1  -2  -1  -3  -3   5  -1  -4  -1   0  -1  -3  -2  -3    0   0   0   0   0  27   0   0   0   0   0  73   0   0   0   0   0   0   0   0  0.62 0.06
   77 L    -2  -3  -4  -4  -2  -3  -3  -4  -3   3   4  -3   2   0  -3  -3  -1  -2  -1   1    0   0   0   0   0   0   0   0   0  32  68   0   0   0   0   0   0   0   0   0  0.48 0.04

                      K         Lambda
Standard Ungapped    0.1311     0.3144
Standard Gapped      0.0397     0.2670
PSI Ungapped         0.1296     0.3173
PSI Gapped           0.0397     0.2670
